[2026-06-23 06:08:47] ========== 开始爬取任务 ==========
[2026-06-23 06:08:47] 有效数据源: 10/10
[2026-06-23 06:08:57] ❌ [BBC中文网] 获取失败: Connection timed out after 10013 milliseconds
[2026-06-23 06:22:22] 测试数据源 [BBC中文网]: HTTP 0, 响应时间 0s
[2026-06-23 06:22:22] 批量启用: 2 个数据源
[2026-06-23 06:22:30] 测试数据源 [新华社]: HTTP 404, 响应时间 0.48s
[2026-06-23 06:52:54] ========== 开始爬取任务 ==========
[2026-06-23 06:52:54] 有效数据源: 7/10
[2026-06-23 06:52:55] ✅ [36氪] 获取成功，新增 30 条
[2026-06-23 06:52:56] ❌ [知乎日报] 获取失败: 返回内容为空
[2026-06-23 06:52:58] ✅ [InfoQ中文] 获取成功，新增 20 条
[2026-06-23 06:53:09] ❌ [国家地理中文网] 获取失败: Connection timed out after 10001 milliseconds
[2026-06-23 06:53:10] ✅ [创业邦] 获取成功，新增 0 条
[2026-06-23 06:53:12] ✅ [爱范儿] 获取成功，新增 20 条
[2026-06-23 06:53:13] ❌ [新浪科技] 获取失败: HTTP 404
[2026-06-23 06:53:14] 新闻数超限，已裁剪至最新 2000 条
[2026-06-23 06:53:14] ========== 爬取完成: 新增 70 条, 失败 3 个, 耗时 19.76s ==========
[2026-06-23 06:57:40] ========== 开始爬取任务 ==========
[2026-06-23 06:57:40] 有效数据源: 7/10
[2026-06-23 06:57:41] ✅ [36氪] 获取成功，新增 30 条
[2026-06-23 06:57:42] ❌ [知乎日报] 获取失败: 返回内容为空
[2026-06-23 06:57:44] ✅ [InfoQ中文] 获取成功，新增 20 条
[2026-06-23 06:57:55] ❌ [国家地理中文网] 获取失败: Connection timed out after 10015 milliseconds
[2026-06-23 06:57:56] ✅ [创业邦] 获取成功，新增 0 条
[2026-06-23 06:57:58] ✅ [爱范儿] 获取成功，新增 20 条
[2026-06-23 06:57:59] ❌ [新浪科技] 获取失败: HTTP 404
[2026-06-23 06:58:00] ========== 爬取完成: 新增 70 条, 失败 3 个, 耗时 19.49s ==========
[2026-06-23 07:05:28] ========== 开始爬取任务 ==========
[2026-06-23 07:05:28] 有效数据源: 10/10
[2026-06-23 07:05:29] ✅ [36氪] 获取成功，新增 30 条
[2026-06-23 07:05:30] ✅ [InfoQ中文] 获取成功，新增 20 条
[2026-06-23 07:05:32] ✅ [爱范儿] 获取成功，新增 20 条
[2026-06-23 07:05:34] ✅ [钛媒体] 获取成功，新增 20 条
[2026-06-23 07:05:35] ❌ [品玩] 获取失败: HTTP 405
[2026-06-23 07:05:37] ✅ [IT之家] 获取成功，新增 60 条
[2026-06-23 07:05:38] ✅ [第一财经] 获取成功，新增 2 条
[2026-06-23 07:05:39] ✅ [澎湃新闻] 获取成功，新增 15 条
[2026-06-23 07:05:41] ✅ [小众软件] 获取成功，新增 10 条
[2026-06-23 07:05:42] ❌ [简书] 获取失败: HTTP 404
[2026-06-23 07:05:43] ========== 爬取完成: 新增 177 条, 失败 2 个, 耗时 14.91s ==========
[2026-06-29 01:53:29] ========== 开始爬取任务 ==========
[2026-06-29 01:53:29] 有效数据源: 126/172
[2026-06-29 01:53:30] ✅ [36氪] 获取成功，新增 30 条
[2026-06-29 01:53:31] ✅ [InfoQ中文] 获取成功，新增 20 条
[2026-06-29 01:53:33] ✅ [爱范儿] 获取成功，新增 20 条
[2026-06-29 01:53:35] ✅ [钛媒体] 获取成功，新增 18 条
[2026-06-29 01:53:37] ❌ [品玩] 获取失败: HTTP 405
[2026-06-29 01:53:38] ✅ [IT之家] 获取成功，新增 60 条
[2026-06-29 01:53:39] ✅ [小众软件] 获取成功，新增 10 条
[2026-06-29 01:53:40] ✅ [机器之心] 获取成功，新增 1 条
[2026-06-29 01:53:42] ❌ [CSDN] 获取失败: HTTP 404
[2026-06-29 01:53:43] ✅ [开源中国] 获取成功，新增 50 条
[2026-06-29 01:53:46] ✅ [雷锋网] 获取成功，新增 20 条
[2026-06-29 01:53:47] ✅ [Solidot] 获取成功，新增 17 条
[2026-06-29 01:53:48] ✅ [威锋网] 获取成功，新增 0 条
[2026-06-29 01:53:50] ✅ [超能网] 获取成功，新增 0 条
[2026-06-29 01:53:51] ✅ [少数派] 获取成功，新增 10 条
[2026-06-29 01:53:53] ❌ [ZEALER] 获取失败: 返回内容为空
[2026-06-29 01:53:54] ❌ [果壳网] 获取失败: HTTP 404
[2026-06-29 01:53:55] ❌ [科学网] 获取失败: HTTP 405
[2026-06-29 01:53:56] ✅ [量子位] 获取成功，新增 10 条
[2026-06-29 01:53:58] ❌ [新华社] 获取失败: HTTP 404
[2026-06-29 01:53:59] ❌ [人民日报] 获取失败: HTTP 404
[2026-06-29 01:54:00] ❌ [央视新闻] 获取失败: HTTP 404
[2026-06-29 01:54:02] ❌ [参考消息] 获取失败: HTTP 404
[2026-06-29 01:54:03] ❌ [光明日报] 获取失败: HTTP 404
[2026-06-29 01:54:04] ❌ [解放日报] 获取失败: HTTP 404
[2026-06-29 01:54:06] ❌ [中国日报] 获取失败: HTTP 404
[2026-06-29 01:54:07] ❌ [观察者网] 获取失败: HTTP 404
[2026-06-29 01:54:08] ❌ [求是网] 获取失败: HTTP 404
[2026-06-29 01:54:10] ❌ [中国政府网] 获取失败: HTTP 404
[2026-06-29 01:54:11] ❌ [人民网] 获取失败: HTTP 404
[2026-06-29 01:54:12] ❌ [新华网] 获取失败: HTTP 404
[2026-06-29 01:54:14] ❌ [中青在线] 获取失败: HTTP 404
[2026-06-29 01:54:15] ❌ [党建网] 获取失败: HTTP 404
[2026-06-29 01:54:17] ❌ [中国新闻网] 获取失败: HTTP 404
[2026-06-29 01:54:18] ✅ [第一财经] 获取成功，新增 2 条
[2026-06-29 01:54:20] ❌ [经济日报] 获取失败: HTTP 404
[2026-06-29 01:54:22] ✅ [财新网] 获取成功，新增 24 条
[2026-06-29 01:54:24] ❌ [界面新闻] 获取失败: HTTP 404
[2026-06-29 01:54:26] ❌ [21世纪经济] 获取失败: HTTP 404
[2026-06-29 01:54:27] ❌ [每日经济新闻] 获取失败: Maximum (5) redirects followed
[2026-06-29 01:54:29] ❌ [经济观察报] 获取失败: HTTP 404
[2026-06-29 01:54:30] ❌ [财经杂志] 获取失败: HTTP 404
[2026-06-29 01:54:32] ❌ [福布斯中国] 获取失败: 返回内容为空
[2026-06-29 01:54:33] ❌ [财富中文网] 获取失败: HTTP 403
[2026-06-29 01:54:35] ❌ [华尔街见闻] 获取失败: HTTP 404
[2026-06-29 01:54:36] ✅ [和讯财经] 获取成功，新增 0 条
[2026-06-29 01:54:37] ❌ [新浪军事] 获取失败: HTTP 404
[2026-06-29 01:54:38] ✅ [凤凰军事] 获取成功，新增 0 条
[2026-06-29 01:54:40] ❌ [环球军事] 获取失败: HTTP 567
[2026-06-29 01:54:41] ❌ [中国军网] 获取失败: HTTP 404
[2026-06-29 01:54:43] ❌ [兵器知识] 获取失败: HTTP 403
[2026-06-29 01:54:44] ❌ [中国航天] 获取失败: HTTP 404
[2026-06-29 01:54:45] ❌ [铁血军事] 获取失败: HTTP 404
[2026-06-29 01:54:47] ❌ [金融界] 获取失败: HTTP 404
[2026-06-29 01:54:48] ❌ [东方财富] 获取失败: HTTP 404
[2026-06-29 01:54:50] ❌ [证券时报] 获取失败: HTTP 404
[2026-06-29 01:54:51] ❌ [财经网] 获取失败: HTTP 404
[2026-06-29 01:54:52] ❌ [零壹财经] 获取失败: HTTP 404
[2026-06-29 01:54:53] ❌ [中国人民银行] 获取失败: HTTP 404
[2026-06-29 01:54:55] ❌ [中国银行业] 获取失败: HTTP 404
[2026-06-29 01:54:57] ✅ [未央网] 获取成功，新增 30 条
[2026-06-29 01:54:58] ❌ [汇率网] 获取失败: HTTP 404
[2026-06-29 01:55:00] ❌ [证券之星] 获取失败: HTTP 404
[2026-06-29 01:55:01] ❌ [中国证券报] 获取失败: HTTP 404
[2026-06-29 01:55:02] ❌ [上海证券报] 获取失败: HTTP 404
[2026-06-29 01:55:04] ❌ [财联社] 获取失败: HTTP 404
[2026-06-29 01:55:05] ❌ [同花顺] 获取失败: HTTP 404
[2026-06-29 01:55:06] ❌ [雪球] 获取失败: HTTP 404
[2026-06-29 01:55:08] ❌ [每日经济] 获取失败: Maximum (5) redirects followed
[2026-06-29 01:55:10] ❌ [云财经] 获取失败: HTTP 404
[2026-06-29 01:55:12] ✅ [港股资讯] 获取成功，新增 0 条
[2026-06-29 01:55:13] ❌ [格隆汇] 获取失败: HTTP 404
[2026-06-29 01:55:15] ✅ [巨丰财经] 获取成功，新增 0 条
[2026-06-29 01:55:16] ❌ [健康报] 获取失败: HTTP 404
[2026-06-29 01:55:18] ✅ [丁香园] 获取成功，新增 0 条
[2026-06-29 01:55:19] ❌ [医学界] 获取失败: HTTP 404
[2026-06-29 01:55:21] ❌ [中国医药报] 获取失败: HTTP 404
[2026-06-29 01:55:22] ❌ [健康界] 获取失败: HTTP 404
[2026-06-29 01:55:23] ❌ [医脉通] 获取失败: HTTP 404
[2026-06-29 01:55:25] ❌ [生物谷] 获取失败: HTTP 404
[2026-06-29 01:55:26] ❌ [医药经济报] 获取失败: nghttp2 shuts down connection with error 1: PROTOCOL_ERROR
[2026-06-29 01:55:28] ✅ [赛柏蓝] 获取成功，新增 0 条
[2026-06-29 01:55:29] ❌ [国家卫健委] 获取失败: HTTP 412
[2026-06-29 01:55:31] ✅ [梅斯医学] 获取成功，新增 30 条
[2026-06-29 01:55:32] ✅ [药智网] 获取成功，新增 0 条
[2026-06-29 01:55:34] ❌ [中国疾控中心] 获取失败: HTTP 404
[2026-06-29 01:55:35] ❌ [华医网] 获取失败: HTTP 404
[2026-06-29 01:55:36] ❌ [新浪娱乐] 获取失败: HTTP 404
[2026-06-29 01:55:38] ✅ [腾讯娱乐] 获取成功，新增 0 条
[2026-06-29 01:55:39] ❌ [网易娱乐] 获取失败: HTTP 404
[2026-06-29 01:55:40] ✅ [凤凰娱乐] 获取成功，新增 0 条
[2026-06-29 01:55:42] ✅ [搜狐娱乐] 获取成功，新增 0 条
[2026-06-29 01:55:43] ✅ [芒果TV] 获取成功，新增 27 条
[2026-06-29 01:55:45] ❌ [爱奇艺] 获取失败: HTTP 404
[2026-06-29 01:55:46] ✅ [优酷] 获取成功，新增 0 条
[2026-06-29 01:55:47] ❌ [猫眼电影] 获取失败: Maximum (5) redirects followed
[2026-06-29 01:55:50] ❌ [淘票票] 获取失败: Maximum (5) redirects followed
[2026-06-29 01:55:51] ❌ [时光网] 获取失败: HTTP 404
[2026-06-29 01:55:52] ❌ [1905电影网] 获取失败: HTTP 409
[2026-06-29 01:55:54] ❌ [音悦台] 获取失败: HTTP 404
[2026-06-29 01:55:55] ❌ [腾讯视频] 获取失败: HTTP 404
[2026-06-29 01:55:56] ❌ [哔哩哔哩] 获取失败: HTTP 404
[2026-06-29 01:55:57] ❌ [新浪体育] 获取失败: HTTP 404
[2026-06-29 01:55:59] ✅ [腾讯体育] 获取成功，新增 0 条
[2026-06-29 01:56:01] ❌ [网易体育] 获取失败: HTTP 404
[2026-06-29 01:56:02] ❌ [虎扑] 获取失败: HTTP/2 stream 3 reset by server (error 0x2 INTERNAL_ERROR)
[2026-06-29 01:56:04] ❌ [直播吧] 获取失败: HTTP 404
[2026-06-29 01:56:05] ✅ [央视体育] 获取成功，新增 0 条
[2026-06-29 01:56:07] ❌ [体坛周报] 获取失败: HTTP 404
[2026-06-29 01:56:09] ✅ [足球报] 获取成功，新增 0 条
[2026-06-29 01:56:12] ❌ [中国体育报] 获取失败: HTTP 404
[2026-06-29 01:56:14] ✅ [ESPN中文] 获取成功，新增 30 条
[2026-06-29 01:56:16] ❌ [NBA中文网] 获取失败: HTTP 404
[2026-06-29 01:56:18] ❌ [新京报] 获取失败: HTTP 404
[2026-06-29 01:56:19] ✅ [澎湃新闻] 获取成功，新增 15 条
[2026-06-29 01:56:21] ❌ [南方都市报] 获取失败: HTTP 404
[2026-06-29 01:56:22] ❌ [北京晚报] 获取失败: HTTP 404
[2026-06-29 01:56:23] ❌ [中国青年报] 获取失败: HTTP 404
[2026-06-29 01:56:25] ❌ [扬子晚报] 获取失败: HTTP 404
[2026-06-29 01:56:26] ✅ [广州日报] 获取成功，新增 0 条
[2026-06-29 01:56:28] ✅ [红星新闻] 获取成功，新增 0 条
[2026-06-29 01:56:29] ❌ [上游新闻] 获取失败: HTTP 404
[2026-06-29 01:56:30] ❌ [封面新闻] 获取失败: HTTP 404
[2026-06-29 01:56:32] ❌ [南方周末] 获取失败: HTTP 404
[2026-06-29 01:56:33] ❌ [三联生活周刊] 获取失败: HTTP 404
[2026-06-29 01:56:36] ❌ [中国新闻周刊] 获取失败: HTTP 404
[2026-06-29 01:56:37] 新闻数超限，已裁剪至最新 2000 条
[2026-06-29 01:56:38] ========== 爬取完成: 新增 424 条, 失败 89 个, 耗时 188.12s ==========
[2026-06-29 02:08:01] ========== 开始爬取任务 ==========
[2026-06-29 02:08:01] 有效数据源: 196/225
[2026-06-29 02:08:02] ✅ [36氪] 获取成功，新增 30 条
[2026-06-29 02:08:03] ✅ [InfoQ中文] 获取成功，新增 20 条
[2026-06-29 02:08:05] ✅ [爱范儿] 获取成功，新增 20 条
[2026-06-29 02:08:07] ✅ [钛媒体] 获取成功，新增 18 条
[2026-06-29 02:08:08] ❌ [品玩] 获取失败: HTTP 405
[2026-06-29 02:08:09] ✅ [IT之家] 获取成功，新增 60 条
[2026-06-29 02:08:11] ✅ [小众软件] 获取成功，新增 10 条
[2026-06-29 02:08:12] ✅ [机器之心] 获取成功，新增 1 条
[2026-06-29 02:08:14] ❌ [CSDN] 获取失败: HTTP 404
[2026-06-29 02:08:16] ✅ [开源中国] 获取成功，新增 50 条
[2026-06-29 02:08:18] ✅ [雷锋网] 获取成功，新增 20 条
[2026-06-29 02:08:19] ✅ [Solidot] 获取成功，新增 17 条
[2026-06-29 02:08:21] ✅ [威锋网] 获取成功，新增 0 条
[2026-06-29 02:08:22] ✅ [超能网] 获取成功，新增 0 条
[2026-06-29 02:08:23] ✅ [少数派] 获取成功，新增 10 条
[2026-06-29 02:08:25] ❌ [ZEALER] 获取失败: 返回内容为空
[2026-06-29 02:08:26] ❌ [果壳网] 获取失败: HTTP 404
[2026-06-29 02:08:28] ✅ [科学网] 获取成功，新增 13 条
[2026-06-29 02:08:29] ✅ [量子位] 获取成功，新增 10 条
[2026-06-29 02:08:30] ❌ [新华社] 获取失败: HTTP 404
[2026-06-29 02:08:31] ❌ [人民日报] 获取失败: HTTP 404
[2026-06-29 02:08:33] ❌ [央视新闻] 获取失败: HTTP 404
[2026-06-29 02:08:34] ❌ [参考消息] 获取失败: HTTP 404
[2026-06-29 02:08:36] ❌ [光明日报] 获取失败: HTTP 404
[2026-06-29 02:08:37] ❌ [解放日报] 获取失败: HTTP 404
[2026-06-29 02:08:38] ❌ [中国日报] 获取失败: HTTP 404
[2026-06-29 02:08:40] ❌ [观察者网] 获取失败: HTTP 404
[2026-06-29 02:08:41] ❌ [求是网] 获取失败: HTTP 404
[2026-06-29 02:08:42] ❌ [中国政府网] 获取失败: HTTP 404
[2026-06-29 02:08:44] ❌ [人民网] 获取失败: HTTP 404
[2026-06-29 02:08:45] ❌ [新华网] 获取失败: HTTP 404
[2026-06-29 02:08:46] ❌ [中青在线] 获取失败: HTTP 404
[2026-06-29 02:08:48] ❌ [党建网] 获取失败: HTTP 404
[2026-06-29 02:08:50] ❌ [中国新闻网] 获取失败: HTTP 404
[2026-06-29 02:08:51] ✅ [第一财经] 获取成功，新增 2 条
[2026-06-29 02:08:53] ❌ [经济日报] 获取失败: HTTP 404
[2026-06-29 02:08:55] ✅ [财新网] 获取成功，新增 24 条
[2026-06-29 02:08:56] ❌ [界面新闻] 获取失败: HTTP 404
[2026-06-29 02:08:57] ❌ [21世纪经济] 获取失败: HTTP 404
[2026-06-29 02:08:59] ❌ [每日经济新闻] 获取失败: Maximum (5) redirects followed
[2026-06-29 02:09:01] ❌ [经济观察报] 获取失败: HTTP 404
[2026-06-29 02:09:02] ❌ [财经杂志] 获取失败: HTTP 404
[2026-06-29 02:09:04] ❌ [福布斯中国] 获取失败: 返回内容为空
[2026-06-29 02:09:05] ❌ [财富中文网] 获取失败: HTTP 403
[2026-06-29 02:09:07] ✅ [华尔街见闻] 获取成功，新增 0 条
[2026-06-29 02:09:08] ✅ [和讯财经] 获取成功，新增 0 条
[2026-06-29 02:09:09] ❌ [新浪军事] 获取失败: HTTP 404
[2026-06-29 02:09:11] ✅ [凤凰军事] 获取成功，新增 0 条
[2026-06-29 02:09:12] ❌ [环球军事] 获取失败: HTTP 404
[2026-06-29 02:09:14] ❌ [中国军网] 获取失败: HTTP 404
[2026-06-29 02:09:15] ❌ [兵器知识] 获取失败: HTTP 403
[2026-06-29 02:09:16] ❌ [中国航天] 获取失败: HTTP 404
[2026-06-29 02:09:18] ❌ [铁血军事] 获取失败: HTTP 404
[2026-06-29 02:09:19] ❌ [金融界] 获取失败: HTTP 404
[2026-06-29 02:09:21] ❌ [东方财富] 获取失败: HTTP 404
[2026-06-29 02:09:23] ❌ [证券时报] 获取失败: HTTP 404
[2026-06-29 02:09:24] ❌ [财经网] 获取失败: HTTP 404
[2026-06-29 02:09:25] ❌ [零壹财经] 获取失败: HTTP 404
[2026-06-29 02:09:26] ❌ [中国人民银行] 获取失败: HTTP 404
[2026-06-29 02:09:28] ❌ [中国银行业] 获取失败: HTTP 404
[2026-06-29 02:09:30] ✅ [未央网] 获取成功，新增 30 条
[2026-06-29 02:09:32] ❌ [汇率网] 获取失败: HTTP 404
[2026-06-29 02:09:33] ❌ [证券之星] 获取失败: HTTP 404
[2026-06-29 02:09:34] ❌ [中国证券报] 获取失败: HTTP 404
[2026-06-29 02:09:36] ❌ [上海证券报] 获取失败: HTTP 404
[2026-06-29 02:09:37] ❌ [财联社] 获取失败: HTTP 404
[2026-06-29 02:09:39] ❌ [同花顺] 获取失败: HTTP 404
[2026-06-29 02:09:40] ❌ [雪球] 获取失败: HTTP 404
[2026-06-29 02:09:42] ❌ [每日经济] 获取失败: Maximum (5) redirects followed
[2026-06-29 02:09:44] ❌ [云财经] 获取失败: HTTP 404
[2026-06-29 02:09:46] ✅ [港股资讯] 获取成功，新增 0 条
[2026-06-29 02:09:47] ❌ [格隆汇] 获取失败: HTTP 404
[2026-06-29 02:09:49] ✅ [巨丰财经] 获取成功，新增 0 条
[2026-06-29 02:09:50] ❌ [健康报] 获取失败: HTTP 404
[2026-06-29 02:09:52] ✅ [丁香园] 获取成功，新增 0 条
[2026-06-29 02:09:53] ❌ [医学界] 获取失败: HTTP 404
[2026-06-29 02:09:54] ❌ [中国医药报] 获取失败: HTTP 404
[2026-06-29 02:09:56] ❌ [健康界] 获取失败: HTTP 404
[2026-06-29 02:09:57] ❌ [医脉通] 获取失败: HTTP 404
[2026-06-29 02:09:58] ❌ [生物谷] 获取失败: HTTP 404
[2026-06-29 02:10:00] ❌ [医药经济报] 获取失败: nghttp2 shuts down connection with error 1: PROTOCOL_ERROR
[2026-06-29 02:10:03] ✅ [赛柏蓝] 获取成功，新增 0 条
[2026-06-29 02:10:05] ❌ [国家卫健委] 获取失败: HTTP 412
[2026-06-29 02:10:07] ✅ [梅斯医学] 获取成功，新增 30 条
[2026-06-29 02:10:08] ✅ [药智网] 获取成功，新增 0 条
[2026-06-29 02:10:10] ❌ [中国疾控中心] 获取失败: HTTP 404
[2026-06-29 02:10:11] ❌ [华医网] 获取失败: HTTP 404
[2026-06-29 02:10:12] ❌ [新浪娱乐] 获取失败: HTTP 404
[2026-06-29 02:10:14] ✅ [腾讯娱乐] 获取成功，新增 0 条
[2026-06-29 02:10:15] ❌ [网易娱乐] 获取失败: HTTP 404
[2026-06-29 02:10:16] ✅ [凤凰娱乐] 获取成功，新增 0 条
[2026-06-29 02:10:18] ✅ [搜狐娱乐] 获取成功，新增 0 条
[2026-06-29 02:10:19] ✅ [芒果TV] 获取成功，新增 27 条
[2026-06-29 02:10:21] ❌ [爱奇艺] 获取失败: HTTP 404
[2026-06-29 02:10:22] ✅ [优酷] 获取成功，新增 0 条
[2026-06-29 02:10:24] ✅ [猫眼电影] 获取成功，新增 0 条
[2026-06-29 02:10:26] ❌ [淘票票] 获取失败: Maximum (5) redirects followed
[2026-06-29 02:10:28] ❌ [时光网] 获取失败: HTTP 404
[2026-06-29 02:10:29] ❌ [1905电影网] 获取失败: HTTP 409
[2026-06-29 02:10:30] ❌ [音悦台] 获取失败: HTTP 404
[2026-06-29 02:10:32] ❌ [腾讯视频] 获取失败: HTTP 404
[2026-06-29 02:10:33] ❌ [哔哩哔哩] 获取失败: HTTP 404
[2026-06-29 02:10:34] ❌ [新浪体育] 获取失败: HTTP 404
[2026-06-29 02:10:36] ✅ [腾讯体育] 获取成功，新增 0 条
[2026-06-29 02:10:37] ❌ [网易体育] 获取失败: HTTP 404
[2026-06-29 02:10:39] ✅ [虎扑] 获取成功，新增 30 条
[2026-06-29 02:10:40] ❌ [直播吧] 获取失败: HTTP 404
[2026-06-29 02:10:42] ✅ [央视体育] 获取成功，新增 0 条
[2026-06-29 02:10:43] ❌ [体坛周报] 获取失败: HTTP 404
[2026-06-29 02:10:45] ✅ [足球报] 获取成功，新增 0 条
[2026-06-29 02:10:47] ❌ [中国体育报] 获取失败: HTTP 404
[2026-06-29 02:10:49] ✅ [ESPN中文] 获取成功，新增 30 条
[2026-06-29 02:10:51] ❌ [NBA中文网] 获取失败: HTTP 404
[2026-06-29 02:10:53] ❌ [新京报] 获取失败: HTTP 404
[2026-06-29 02:10:55] ✅ [澎湃新闻] 获取成功，新增 15 条
[2026-06-29 02:10:56] ❌ [南方都市报] 获取失败: HTTP 404
[2026-06-29 02:10:58] ❌ [北京晚报] 获取失败: HTTP 404
[2026-06-29 02:10:59] ❌ [中国青年报] 获取失败: HTTP 404
[2026-06-29 02:11:00] ❌ [扬子晚报] 获取失败: HTTP 404
[2026-06-29 02:11:02] ✅ [广州日报] 获取成功，新增 0 条
[2026-06-29 02:11:04] ✅ [红星新闻] 获取成功，新增 0 条
[2026-06-29 02:11:05] ❌ [上游新闻] 获取失败: HTTP 404
[2026-06-29 02:11:06] ❌ [封面新闻] 获取失败: HTTP 404
[2026-06-29 02:11:08] ❌ [南方周末] 获取失败: HTTP 404
[2026-06-29 02:11:09] ❌ [三联生活周刊] 获取失败: HTTP 404
[2026-06-29 02:11:10] ❌ [中国新闻周刊] 获取失败: HTTP 404
[2026-06-29 02:11:12] ✅ [联合早报] 获取成功，新增 6 条
[2026-06-29 02:11:15] ✅ [联合早报全球] 获取成功，新增 6 条
[2026-06-29 02:11:18] ✅ [阮一峰博客] 获取成功，新增 14 条
[2026-06-29 02:11:21] ✅ [酷壳] 获取成功，新增 15 条
[2026-06-29 02:11:22] ✅ [博客园] 获取成功，新增 20 条
[2026-06-29 02:11:24] ✅ [SegmentFault] 获取成功，新增 0 条
[2026-06-29 02:11:26] ✅ [腾讯云社区] 获取成功，新增 0 条
[2026-06-29 02:11:28] ✅ [美团技术] 获取成功，新增 10 条
[2026-06-29 02:11:29] ❌ [阿里技术] 获取失败: HTTP 404
[2026-06-29 02:11:31] ✅ [腾讯CDC] 获取成功，新增 16 条
[2026-06-29 02:11:33] ✅ [百度AI] 获取成功，新增 1 条
[2026-06-29 02:11:35] ✅ [腾讯研究院] 获取成功，新增 10 条
[2026-06-29 02:11:38] ✅ [印记] 获取成功，新增 10 条
[2026-06-29 02:11:40] ✅ [张鑫旭博客] 获取成功，新增 5 条
[2026-06-29 02:11:41] ✅ [廖雪峰博客] 获取成功，新增 11 条
[2026-06-29 02:11:43] ❌ [新浪财经] 获取失败: HTTP 404
[2026-06-29 02:11:44] ❌ [网易财经] 获取失败: HTTP 404
[2026-06-29 02:11:46] ✅ [腾讯财经] 获取成功，新增 0 条
[2026-06-29 02:11:47] ✅ [搜狐财经] 获取成功，新增 23 条
[2026-06-29 02:11:48] ✅ [凤凰财经] 获取成功，新增 0 条
[2026-06-29 02:11:49] ❌ [经济参考报] 获取失败: HTTP 404
[2026-06-29 02:11:51] ❌ [投资界] 获取失败: HTTP 404
[2026-06-29 02:11:52] ✅ [金十数据] 获取成功，新增 8 条
[2026-06-29 02:11:53] ❌ [汇通财经] 获取失败: HTTP 404
[2026-06-29 02:12:05] ❌ [中金在线] 获取失败: Connection timed out after 10003 milliseconds
[2026-06-29 02:12:07] ❌ [黄金网] 获取失败: HTTP 404
[2026-06-29 02:12:08] ❌ [搜狐体育] 获取失败: HTTP 404
[2026-06-29 02:12:09] ❌ [新浪体育综合] 获取失败: HTTP 404
[2026-06-29 02:12:11] ❌ [懂球帝] 获取失败: HTTP 403
[2026-06-29 02:12:12] ✅ [腾讯NBA] 获取成功，新增 0 条
[2026-06-29 02:12:13] ❌ [新浪高尔夫] 获取失败: HTTP 404
[2026-06-29 02:12:14] ❌ [新浪网球] 获取失败: HTTP 404
[2026-06-29 02:12:16] ❌ [新浪娱乐综合] 获取失败: HTTP 404
[2026-06-29 02:12:17] ❌ [网易娱乐综合] 获取失败: HTTP 404
[2026-06-29 02:12:19] ✅ [搜狐娱乐综合] 获取成功，新增 0 条
[2026-06-29 02:12:20] ❌ [Mtime电影] 获取失败: HTTP 404
[2026-06-29 02:12:22] ❌ [腾讯视频] 获取失败: HTTP 404
[2026-06-29 02:12:23] ❌ [新浪军事综合] 获取失败: HTTP 404
[2026-06-29 02:12:24] ❌ [网易军事] 获取失败: HTTP 404
[2026-06-29 02:12:26] ✅ [搜狐军事] 获取成功，新增 23 条
[2026-06-29 02:12:27] ✅ [凤凰军评] 获取成功，新增 0 条
[2026-06-29 02:12:28] ❌ [人民健康网] 获取失败: HTTP 404
[2026-06-29 02:12:30] ❌ [新华健康] 获取失败: HTTP 404
[2026-06-29 02:12:31] ❌ [新浪健康] 获取失败: HTTP 404
[2026-06-29 02:12:32] ❌ [中华医学会] 获取失败: HTTP 404
[2026-06-29 02:12:33] ❌ [新浪社会] 获取失败: HTTP 404
[2026-06-29 02:12:35] ❌ [网易社会] 获取失败: HTTP 404
[2026-06-29 02:12:36] ✅ [腾讯社会] 获取成功，新增 0 条
[2026-06-29 02:12:38] ❌ [搜狐社会] 获取失败: HTTP 404
[2026-06-29 02:12:39] ✅ [法制日报] 获取成功，新增 0 条
[2026-06-29 02:12:40] ❌ [知乎日报] 获取失败: 返回内容为空
[2026-06-29 02:12:42] ❌ [豆瓣热门] 获取失败: HTTP 403
[2026-06-29 02:12:43] ❌ [煎蛋] 获取失败: HTTP 403
[2026-06-29 02:12:44] ❌ [喷嚏] 获取失败: HTTP 404
[2026-06-29 02:12:46] ❌ [理想生活] 获取失败: HTTP 404
[2026-06-29 02:12:47] ✅ [TechCrunch] 获取成功，新增 20 条
[2026-06-29 02:12:50] ✅ [The Verge] 获取成功，新增 8 条
[2026-06-29 02:12:52] ✅ [Wired] 获取成功，新增 50 条
[2026-06-29 02:12:53] ✅ [Ars Technica] 获取成功，新增 20 条
[2026-06-29 02:12:56] ✅ [Hacker News] 获取成功，新增 20 条
[2026-06-29 02:12:58] ✅ [CNBC] 获取成功，新增 30 条
[2026-06-29 02:12:59] ✅ [NASA] 获取成功，新增 10 条
[2026-06-29 02:13:01] ✅ [Nature] 获取成功，新增 75 条
[2026-06-29 02:13:04] ❌ [National Geographic] 获取失败: HTTP 404
[2026-06-29 02:13:05] ✅ [汽车之家] 获取成功，新增 30 条
[2026-06-29 02:13:07] ✅ [环信] 获取成功，新增 27 条
[2026-06-29 02:13:10] ✅ [InfoQ英文] 获取成功，新增 15 条
[2026-06-29 02:13:13] ✅ [DZone] 获取成功，新增 30 条
[2026-06-29 02:13:17] ✅ [CSS-Tricks] 获取成功，新增 15 条
[2026-06-29 02:13:19] ✅ [Smashing Magazine] 获取成功，新增 40 条
[2026-06-29 02:13:20] ========== 爬取完成: 新增 1035 条, 失败 117 个, 耗时 319.2s ==========
